[VAMS][2020-06-21 10:32:03,353] INFO | 服务端启动成功...     端口号为：3005 | [main] cn.zwp.zoo.service.mina.Demo1Server.main(36)
[VAMS][2020-06-21 10:33:58,402] INFO | 服务端与客户端创建连接... | [NioProcessor-2] cn.zwp.zoo.service.mina.Demo1ServerHandler.sessionCreated(16)
[VAMS][2020-06-21 10:33:58,405] INFO | 服务端与客户端连接打开... | [NioProcessor-2] cn.zwp.zoo.service.mina.Demo1ServerHandler.sessionOpened(21)
[VAMS][2020-06-21 10:34:08,406] INFO | 服务端进入空闲状态... | [NioProcessor-2] cn.zwp.zoo.service.mina.Demo1ServerHandler.sessionIdle(47)
[VAMS][2020-06-21 10:34:18,409] INFO | 服务端进入空闲状态... | [NioProcessor-2] cn.zwp.zoo.service.mina.Demo1ServerHandler.sessionIdle(47)
[VAMS][2020-06-21 10:34:24,435] INFO | 服务端接收到的数据为：he | [NioProcessor-2] cn.zwp.zoo.service.mina.Demo1ServerHandler.messageReceived(27)
[VAMS][2020-06-21 10:34:24,444] INFO | 服务端发送信息成功... | [NioProcessor-2] cn.zwp.zoo.service.mina.Demo1ServerHandler.messageSent(37)
[VAMS][2020-06-21 10:34:34,447] INFO | 服务端进入空闲状态... | [NioProcessor-2] cn.zwp.zoo.service.mina.Demo1ServerHandler.sessionIdle(47)
[VAMS][2020-06-21 10:34:43,251] INFO | 服务端接收到的数据为：SDSAFSAFSADFSA | [NioProcessor-2] cn.zwp.zoo.service.mina.Demo1ServerHandler.messageReceived(27)
[VAMS][2020-06-21 10:34:43,252] INFO | 服务端发送信息成功... | [NioProcessor-2] cn.zwp.zoo.service.mina.Demo1ServerHandler.messageSent(37)
[VAMS][2020-06-21 10:34:53,253] INFO | 服务端进入空闲状态... | [NioProcessor-2] cn.zwp.zoo.service.mina.Demo1ServerHandler.sessionIdle(47)
[VAMS][2020-06-21 10:35:03,255] INFO | 服务端进入空闲状态... | [NioProcessor-2] cn.zwp.zoo.service.mina.Demo1ServerHandler.sessionIdle(47)
[VAMS][2020-06-21 10:35:14,165] INFO | 服务端接收到的数据为：123456 | [NioProcessor-2] cn.zwp.zoo.service.mina.Demo1ServerHandler.messageReceived(27)
[VAMS][2020-06-21 10:35:14,165] INFO | 服务端发送信息成功... | [NioProcessor-2] cn.zwp.zoo.service.mina.Demo1ServerHandler.messageSent(37)
[VAMS][2020-06-21 10:35:17,236] INFO | 服务端接收到的数据为：7890 | [NioProcessor-2] cn.zwp.zoo.service.mina.Demo1ServerHandler.messageReceived(27)
[VAMS][2020-06-21 10:35:17,236] INFO | 服务端发送信息成功... | [NioProcessor-2] cn.zwp.zoo.service.mina.Demo1ServerHandler.messageSent(37)
[VAMS][2020-06-21 10:35:20,310] INFO | 服务端接收到的数据为： | [NioProcessor-2] cn.zwp.zoo.service.mina.Demo1ServerHandler.messageReceived(27)
[VAMS][2020-06-21 10:35:20,311] INFO | 服务端发送信息成功... | [NioProcessor-2] cn.zwp.zoo.service.mina.Demo1ServerHandler.messageSent(37)
[VAMS][2020-06-21 10:35:20,479] INFO | 服务端接收到的数据为： | [NioProcessor-2] cn.zwp.zoo.service.mina.Demo1ServerHandler.messageReceived(27)
[VAMS][2020-06-21 10:35:20,480] INFO | 服务端发送信息成功... | [NioProcessor-2] cn.zwp.zoo.service.mina.Demo1ServerHandler.messageSent(37)
[VAMS][2020-06-21 10:35:20,638] INFO | 服务端接收到的数据为： | [NioProcessor-2] cn.zwp.zoo.service.mina.Demo1ServerHandler.messageReceived(27)
[VAMS][2020-06-21 10:35:20,639] INFO | 服务端发送信息成功... | [NioProcessor-2] cn.zwp.zoo.service.mina.Demo1ServerHandler.messageSent(37)
[VAMS][2020-06-21 10:35:20,790] INFO | 服务端接收到的数据为： | [NioProcessor-2] cn.zwp.zoo.service.mina.Demo1ServerHandler.messageReceived(27)
[VAMS][2020-06-21 10:35:20,791] INFO | 服务端发送信息成功... | [NioProcessor-2] cn.zwp.zoo.service.mina.Demo1ServerHandler.messageSent(37)
[VAMS][2020-06-21 10:35:20,933] INFO | 服务端接收到的数据为： | [NioProcessor-2] cn.zwp.zoo.service.mina.Demo1ServerHandler.messageReceived(27)
[VAMS][2020-06-21 10:35:20,933] INFO | 服务端发送信息成功... | [NioProcessor-2] cn.zwp.zoo.service.mina.Demo1ServerHandler.messageSent(37)
[VAMS][2020-06-21 10:35:21,072] INFO | 服务端接收到的数据为： | [NioProcessor-2] cn.zwp.zoo.service.mina.Demo1ServerHandler.messageReceived(27)
[VAMS][2020-06-21 10:35:21,073] INFO | 服务端发送信息成功... | [NioProcessor-2] cn.zwp.zoo.service.mina.Demo1ServerHandler.messageSent(37)
[VAMS][2020-06-21 10:35:31,074] INFO | 服务端进入空闲状态... | [NioProcessor-2] cn.zwp.zoo.service.mina.Demo1ServerHandler.sessionIdle(47)
[VAMS][2020-06-21 10:35:41,075] INFO | 服务端进入空闲状态... | [NioProcessor-2] cn.zwp.zoo.service.mina.Demo1ServerHandler.sessionIdle(47)
[VAMS][2020-06-21 10:36:03,131] INFO | 服务端与客户端创建连接... | [NioProcessor-3] cn.zwp.zoo.service.mina.Demo1ServerHandler.sessionCreated(16)
[VAMS][2020-06-21 10:36:03,131] INFO | 服务端与客户端连接打开... | [NioProcessor-3] cn.zwp.zoo.service.mina.Demo1ServerHandler.sessionOpened(21)
[VAMS][2020-06-21 10:36:08,995] INFO | 服务端接收到的数据为： | [NioProcessor-3] cn.zwp.zoo.service.mina.Demo1ServerHandler.messageReceived(27)
[VAMS][2020-06-21 10:36:08,996] INFO | 服务端发送信息成功... | [NioProcessor-3] cn.zwp.zoo.service.mina.Demo1ServerHandler.messageSent(37)
[VAMS][2020-06-21 10:36:26,538] INFO | 服务端接收到的数据为：ssdsdddddddddddddddddddddddddddddd | [NioProcessor-3] cn.zwp.zoo.service.mina.Demo1ServerHandler.messageReceived(27)
[VAMS][2020-06-21 10:36:26,538] INFO | 服务端发送信息成功... | [NioProcessor-3] cn.zwp.zoo.service.mina.Demo1ServerHandler.messageSent(37)
[VAMS][2020-06-21 10:36:36,541] INFO | 服务端进入空闲状态... | [NioProcessor-3] cn.zwp.zoo.service.mina.Demo1ServerHandler.sessionIdle(47)
[VAMS][2020-06-21 10:36:46,543] INFO | 服务端进入空闲状态... | [NioProcessor-3] cn.zwp.zoo.service.mina.Demo1ServerHandler.sessionIdle(47)
[VAMS][2020-06-21 10:36:56,545] INFO | 服务端进入空闲状态... | [NioProcessor-3] cn.zwp.zoo.service.mina.Demo1ServerHandler.sessionIdle(47)
[VAMS][2020-06-21 10:37:06,550] INFO | 服务端进入空闲状态... | [NioProcessor-3] cn.zwp.zoo.service.mina.Demo1ServerHandler.sessionIdle(47)
[VAMS][2020-06-21 10:37:14,822] INFO | 服务端接收到的数据为： | [NioProcessor-3] cn.zwp.zoo.service.mina.Demo1ServerHandler.messageReceived(27)
[VAMS][2020-06-21 10:37:14,822] INFO | 服务端发送信息成功... | [NioProcessor-3] cn.zwp.zoo.service.mina.Demo1ServerHandler.messageSent(37)
[VAMS][2020-06-21 10:37:24,824] INFO | 服务端进入空闲状态... | [NioProcessor-3] cn.zwp.zoo.service.mina.Demo1ServerHandler.sessionIdle(47)
[VAMS][2020-06-21 10:37:34,825] INFO | 服务端进入空闲状态... | [NioProcessor-3] cn.zwp.zoo.service.mina.Demo1ServerHandler.sessionIdle(47)
[VAMS][2020-06-21 10:37:44,827] INFO | 服务端进入空闲状态... | [NioProcessor-3] cn.zwp.zoo.service.mina.Demo1ServerHandler.sessionIdle(47)
[VAMS][2020-06-21 10:37:54,832] INFO | 服务端进入空闲状态... | [NioProcessor-3] cn.zwp.zoo.service.mina.Demo1ServerHandler.sessionIdle(47)
[VAMS][2020-06-21 10:38:04,835] INFO | 服务端进入空闲状态... | [NioProcessor-3] cn.zwp.zoo.service.mina.Demo1ServerHandler.sessionIdle(47)
[VAMS][2020-06-21 10:38:14,836] INFO | 服务端进入空闲状态... | [NioProcessor-3] cn.zwp.zoo.service.mina.Demo1ServerHandler.sessionIdle(47)
[VAMS][2020-06-21 10:38:24,838] INFO | 服务端进入空闲状态... | [NioProcessor-3] cn.zwp.zoo.service.mina.Demo1ServerHandler.sessionIdle(47)
[VAMS][2020-06-21 10:38:34,839] INFO | 服务端进入空闲状态... | [NioProcessor-3] cn.zwp.zoo.service.mina.Demo1ServerHandler.sessionIdle(47)
[VAMS][2020-06-21 10:38:44,841] INFO | 服务端进入空闲状态... | [NioProcessor-3] cn.zwp.zoo.service.mina.Demo1ServerHandler.sessionIdle(47)
[VAMS][2020-06-21 10:38:54,843] INFO | 服务端进入空闲状态... | [NioProcessor-3] cn.zwp.zoo.service.mina.Demo1ServerHandler.sessionIdle(47)
[VAMS][2020-06-21 10:39:04,844] INFO | 服务端进入空闲状态... | [NioProcessor-3] cn.zwp.zoo.service.mina.Demo1ServerHandler.sessionIdle(47)
[VAMS][2020-06-21 10:39:14,849] INFO | 服务端进入空闲状态... | [NioProcessor-3] cn.zwp.zoo.service.mina.Demo1ServerHandler.sessionIdle(47)
[VAMS][2020-06-21 10:39:24,851] INFO | 服务端进入空闲状态... | [NioProcessor-3] cn.zwp.zoo.service.mina.Demo1ServerHandler.sessionIdle(47)
[VAMS][2020-06-21 10:39:34,853] INFO | 服务端进入空闲状态... | [NioProcessor-3] cn.zwp.zoo.service.mina.Demo1ServerHandler.sessionIdle(47)
[VAMS][2020-06-21 10:39:44,855] INFO | 服务端进入空闲状态... | [NioProcessor-3] cn.zwp.zoo.service.mina.Demo1ServerHandler.sessionIdle(47)
[VAMS][2020-06-21 10:39:54,856] INFO | 服务端进入空闲状态... | [NioProcessor-3] cn.zwp.zoo.service.mina.Demo1ServerHandler.sessionIdle(47)
[VAMS][2020-06-21 10:40:04,859] INFO | 服务端进入空闲状态... | [NioProcessor-3] cn.zwp.zoo.service.mina.Demo1ServerHandler.sessionIdle(47)
[VAMS][2020-06-21 10:40:13,607] INFO | 服务端接收到的数据为：bye | [NioProcessor-3] cn.zwp.zoo.service.mina.Demo1ServerHandler.messageReceived(27)
[VAMS][2020-06-21 10:44:47,488] INFO | 服务端与客户端创建连接... | [NioProcessor-4] cn.zwp.zoo.service.mina.Demo1ServerHandler.sessionCreated(16)
[VAMS][2020-06-21 10:44:47,488] INFO | 服务端与客户端连接打开... | [NioProcessor-4] cn.zwp.zoo.service.mina.Demo1ServerHandler.sessionOpened(21)
[VAMS][2020-06-21 10:44:47,509] INFO | 服务端接收到的数据为：我爱你mina | [NioProcessor-4] cn.zwp.zoo.service.mina.Demo1ServerHandler.messageReceived(27)
[VAMS][2020-06-21 10:44:47,510] INFO | 服务端发送信息成功... | [NioProcessor-4] cn.zwp.zoo.service.mina.Demo1ServerHandler.messageSent(37)
[VAMS][2020-06-21 10:44:47,518] INFO | 客户端接收到的信息为：Sun Jun 21 10:44:47 CST 2020 | [NioProcessor-2] cn.zwp.zoo.service.mina.Demo1ClientHandler.messageReceived(14)
[VAMS][2020-06-21 10:44:57,514] INFO | 服务端进入空闲状态... | [NioProcessor-4] cn.zwp.zoo.service.mina.Demo1ServerHandler.sessionIdle(47)
[VAMS][2020-06-21 10:45:07,515] INFO | 服务端进入空闲状态... | [NioProcessor-4] cn.zwp.zoo.service.mina.Demo1ServerHandler.sessionIdle(47)
[VAMS][2020-06-21 10:45:17,517] INFO | 服务端进入空闲状态... | [NioProcessor-4] cn.zwp.zoo.service.mina.Demo1ServerHandler.sessionIdle(47)
[VAMS][2020-06-21 10:45:27,517] INFO | 服务端进入空闲状态... | [NioProcessor-4] cn.zwp.zoo.service.mina.Demo1ServerHandler.sessionIdle(47)
[VAMS][2020-06-21 10:45:37,519] INFO | 服务端进入空闲状态... | [NioProcessor-4] cn.zwp.zoo.service.mina.Demo1ServerHandler.sessionIdle(47)
[VAMS][2020-06-21 10:45:47,519] INFO | 服务端进入空闲状态... | [NioProcessor-4] cn.zwp.zoo.service.mina.Demo1ServerHandler.sessionIdle(47)
[VAMS][2020-06-21 10:45:57,522] INFO | 服务端进入空闲状态... | [NioProcessor-4] cn.zwp.zoo.service.mina.Demo1ServerHandler.sessionIdle(47)
[VAMS][2020-06-21 10:46:07,524] INFO | 服务端进入空闲状态... | [NioProcessor-4] cn.zwp.zoo.service.mina.Demo1ServerHandler.sessionIdle(47)
[VAMS][2020-06-21 10:46:17,526] INFO | 服务端进入空闲状态... | [NioProcessor-4] cn.zwp.zoo.service.mina.Demo1ServerHandler.sessionIdle(47)
[VAMS][2020-06-21 10:46:27,527] INFO | 服务端进入空闲状态... | [NioProcessor-4] cn.zwp.zoo.service.mina.Demo1ServerHandler.sessionIdle(47)
[VAMS][2020-06-21 10:46:37,528] INFO | 服务端进入空闲状态... | [NioProcessor-4] cn.zwp.zoo.service.mina.Demo1ServerHandler.sessionIdle(47)
[VAMS][2020-06-21 10:46:47,530] INFO | 服务端进入空闲状态... | [NioProcessor-4] cn.zwp.zoo.service.mina.Demo1ServerHandler.sessionIdle(47)
[VAMS][2020-06-21 10:46:57,531] INFO | 服务端进入空闲状态... | [NioProcessor-4] cn.zwp.zoo.service.mina.Demo1ServerHandler.sessionIdle(47)
[VAMS][2020-06-21 10:47:07,532] INFO | 服务端进入空闲状态... | [NioProcessor-4] cn.zwp.zoo.service.mina.Demo1ServerHandler.sessionIdle(47)
[VAMS][2020-06-21 10:47:17,535] INFO | 服务端进入空闲状态... | [NioProcessor-4] cn.zwp.zoo.service.mina.Demo1ServerHandler.sessionIdle(47)
[VAMS][2020-06-21 10:47:27,538] INFO | 服务端进入空闲状态... | [NioProcessor-4] cn.zwp.zoo.service.mina.Demo1ServerHandler.sessionIdle(47)
[VAMS][2020-06-21 10:47:37,539] INFO | 服务端进入空闲状态... | [NioProcessor-4] cn.zwp.zoo.service.mina.Demo1ServerHandler.sessionIdle(47)
[VAMS][2020-06-21 10:47:47,541] INFO | 服务端进入空闲状态... | [NioProcessor-4] cn.zwp.zoo.service.mina.Demo1ServerHandler.sessionIdle(47)
[VAMS][2020-06-21 10:47:57,543] INFO | 服务端进入空闲状态... | [NioProcessor-4] cn.zwp.zoo.service.mina.Demo1ServerHandler.sessionIdle(47)
[VAMS][2020-06-21 10:48:07,544] INFO | 服务端进入空闲状态... | [NioProcessor-4] cn.zwp.zoo.service.mina.Demo1ServerHandler.sessionIdle(47)
[VAMS][2020-06-21 10:48:17,545] INFO | 服务端进入空闲状态... | [NioProcessor-4] cn.zwp.zoo.service.mina.Demo1ServerHandler.sessionIdle(47)
[VAMS][2020-06-21 10:48:27,549] INFO | 服务端进入空闲状态... | [NioProcessor-4] cn.zwp.zoo.service.mina.Demo1ServerHandler.sessionIdle(47)
[VAMS][2020-06-21 10:48:37,550] INFO | 服务端进入空闲状态... | [NioProcessor-4] cn.zwp.zoo.service.mina.Demo1ServerHandler.sessionIdle(47)
[VAMS][2020-06-21 10:48:47,550] INFO | 服务端进入空闲状态... | [NioProcessor-4] cn.zwp.zoo.service.mina.Demo1ServerHandler.sessionIdle(47)
[VAMS][2020-06-21 10:48:57,336] ERROR | 服务端发送异常... | [NioProcessor-4] cn.zwp.zoo.service.mina.Demo1ServerHandler.exceptionCaught(52)
java.io.IOException: 远程主机强迫关闭了一个现有的连接。
	at sun.nio.ch.SocketDispatcher.read0(Native Method)
	at sun.nio.ch.SocketDispatcher.read(SocketDispatcher.java:43)
	at sun.nio.ch.IOUtil.readIntoNativeBuffer(IOUtil.java:223)
	at sun.nio.ch.IOUtil.read(IOUtil.java:197)
	at sun.nio.ch.SocketChannelImpl.read(SocketChannelImpl.java:380)
	at org.apache.mina.transport.socket.nio.NioProcessor.read(NioProcessor.java:378)
	at org.apache.mina.transport.socket.nio.NioProcessor.read(NioProcessor.java:47)
	at org.apache.mina.core.polling.AbstractPollingIoProcessor.read(AbstractPollingIoProcessor.java:519)
	at org.apache.mina.core.polling.AbstractPollingIoProcessor.access$1200(AbstractPollingIoProcessor.java:68)
	at org.apache.mina.core.polling.AbstractPollingIoProcessor$Processor.process(AbstractPollingIoProcessor.java:1222)
	at org.apache.mina.core.polling.AbstractPollingIoProcessor$Processor.process(AbstractPollingIoProcessor.java:1211)
	at org.apache.mina.core.polling.AbstractPollingIoProcessor$Processor.run(AbstractPollingIoProcessor.java:683)
	at org.apache.mina.util.NamePreservingRunnable.run(NamePreservingRunnable.java:64)
	at java.util.concurrent.ThreadPoolExecutor.runWorker(ThreadPoolExecutor.java:1149)
	at java.util.concurrent.ThreadPoolExecutor$Worker.run(ThreadPoolExecutor.java:624)
	at java.lang.Thread.run(Thread.java:748)
[VAMS][2020-06-21 10:49:23,303] INFO | 服务端与客户端创建连接... | [NioProcessor-5] cn.zwp.zoo.service.mina.Demo1ServerHandler.sessionCreated(16)
[VAMS][2020-06-21 10:49:23,303] INFO | 服务端与客户端连接打开... | [NioProcessor-5] cn.zwp.zoo.service.mina.Demo1ServerHandler.sessionOpened(21)
[VAMS][2020-06-21 10:49:23,325] INFO | 服务端接收到的数据为：我爱你mina | [NioProcessor-5] cn.zwp.zoo.service.mina.Demo1ServerHandler.messageReceived(27)
[VAMS][2020-06-21 10:49:23,326] INFO | 服务端发送信息成功... | [NioProcessor-5] cn.zwp.zoo.service.mina.Demo1ServerHandler.messageSent(37)
[VAMS][2020-06-21 10:49:23,326] INFO | 客户端发送消息为：我爱你mina | [NioProcessor-2] cn.zwp.zoo.service.mina.Demo1ClientHandler.messageSent(24)
[VAMS][2020-06-21 10:49:23,339] INFO | 客户端接收到的信息为：Sun Jun 21 10:49:23 CST 2020 | [NioProcessor-2] cn.zwp.zoo.service.mina.Demo1ClientHandler.messageReceived(14)
[VAMS][2020-06-21 10:49:33,329] INFO | 服务端进入空闲状态... | [NioProcessor-5] cn.zwp.zoo.service.mina.Demo1ServerHandler.sessionIdle(47)
[VAMS][2020-06-21 10:49:43,331] INFO | 服务端进入空闲状态... | [NioProcessor-5] cn.zwp.zoo.service.mina.Demo1ServerHandler.sessionIdle(47)
[VAMS][2020-06-21 10:49:46,864] ERROR | 服务端发送异常... | [NioProcessor-5] cn.zwp.zoo.service.mina.Demo1ServerHandler.exceptionCaught(52)
java.io.IOException: 远程主机强迫关闭了一个现有的连接。
	at sun.nio.ch.SocketDispatcher.read0(Native Method)
	at sun.nio.ch.SocketDispatcher.read(SocketDispatcher.java:43)
	at sun.nio.ch.IOUtil.readIntoNativeBuffer(IOUtil.java:223)
	at sun.nio.ch.IOUtil.read(IOUtil.java:197)
	at sun.nio.ch.SocketChannelImpl.read(SocketChannelImpl.java:380)
	at org.apache.mina.transport.socket.nio.NioProcessor.read(NioProcessor.java:378)
	at org.apache.mina.transport.socket.nio.NioProcessor.read(NioProcessor.java:47)
	at org.apache.mina.core.polling.AbstractPollingIoProcessor.read(AbstractPollingIoProcessor.java:519)
	at org.apache.mina.core.polling.AbstractPollingIoProcessor.access$1200(AbstractPollingIoProcessor.java:68)
	at org.apache.mina.core.polling.AbstractPollingIoProcessor$Processor.process(AbstractPollingIoProcessor.java:1222)
	at org.apache.mina.core.polling.AbstractPollingIoProcessor$Processor.process(AbstractPollingIoProcessor.java:1211)
	at org.apache.mina.core.polling.AbstractPollingIoProcessor$Processor.run(AbstractPollingIoProcessor.java:683)
	at org.apache.mina.util.NamePreservingRunnable.run(NamePreservingRunnable.java:64)
	at java.util.concurrent.ThreadPoolExecutor.runWorker(ThreadPoolExecutor.java:1149)
	at java.util.concurrent.ThreadPoolExecutor$Worker.run(ThreadPoolExecutor.java:624)
	at java.lang.Thread.run(Thread.java:748)
